
2015-02-25 17:53:59...Begin System Check Process *************
2015-02-25 17:53:59...XML Parsing Support Found
2015-02-25 17:53:59...MBString Support Found
2015-02-25 17:53:59...ZIP Support Found
2015-02-25 17:53:59.../custom directory and subdirectory check passed
2015-02-25 17:53:59...cache directory and subdirectory check passed
2015-02-25 17:54:02.../module  directory and subdirectory check passed
2015-02-25 17:54:02.../upload directory check passed
2015-02-25 17:54:02.../zip check passed
2015-02-25 17:54:02...PCRE version check passed
2015-02-25 17:54:02...installerHook: Could not find custom/install/install_hooks.php
2015-02-25 17:54:02...php.ini location found. /etc/php5/apache2/php.ini
2015-02-25 17:54:02...Outputting HTML for System check
2015-02-25 17:54:02...No Errors were found *************
2015-02-25 17:54:05...installerHook: Could not find custom/install/install_hooks.php
2015-02-25 17:56:10...installerHook: Could not find custom/install/install_hooks.php
2015-02-25 17:56:13...installerHook: Could not find custom/install/install_hooks.php
2015-02-25 17:56:42...Begin DB Check Process *************
2015-02-25 17:56:43...testing with mysql:mysqli
2015-02-25 17:56:43...Basic form info is valid, continuing Process.
2015-02-25 17:56:43...Testing user account...
2015-02-25 17:56:43...Connection made using  host: localhost, usr: root
2015-02-25 17:56:43...Testing priviliged account...
2015-02-25 17:56:43...Connection made using  host: localhost, usr: root
2015-02-25 17:56:43...DB not selected, will create sugarcrm
2015-02-25 17:56:43...Passed DB install check
2015-02-25 17:56:43...SUCCESS:: no errors detected!
2015-02-25 17:56:43...End DB Check Process *************
2015-02-25 17:56:43...installerHook: Could not find custom/install/install_hooks.php
2015-02-25 17:56:52...installerHook: Could not find custom/install/install_hooks.php
2015-02-25 17:57:13...installerHook: Could not find custom/install/install_hooks.php
2015-02-25 17:57:13...calling handleSugarConfig()
2015-02-25 17:57:13...calling handleLog4Php()
2015-02-25 17:57:13...calling handleHtaccess()
2015-02-25 17:57:13...calling handleDbCreateDatabase()
2015-02-25 17:57:14...looping through all the Beans and create their tables
2015-02-25 17:57:14...processing table acl_actions
2015-02-25 17:57:14...creating table acl_actions
2015-02-25 17:57:14...creating Relationship Meta for ACLAction
2015-02-25 17:57:14...processing table acl_roles
2015-02-25 17:57:14...creating table acl_roles
2015-02-25 17:57:14...creating Relationship Meta for ACLRole
2015-02-25 17:57:14...processing table relationships
2015-02-25 17:57:14...creating table relationships
2015-02-25 17:57:14...creating Relationship Meta for Relationship
2015-02-25 17:57:14...processing table leads
2015-02-25 17:57:14...creating table leads
2015-02-25 17:57:14...creating Relationship Meta for Lead
2015-02-25 17:57:14...processing table cases
2015-02-25 17:57:14...creating table cases
2015-02-25 17:57:14...creating Relationship Meta for Case
2015-02-25 17:57:14...processing table bugs
2015-02-25 17:57:14...creating table bugs
2015-02-25 17:57:14...creating Relationship Meta for Bug
2015-02-25 17:57:14...processing table users
2015-02-25 17:57:14...creating table users
2015-02-25 17:57:14...creating Relationship Meta for User
2015-02-25 17:57:14...processing table campaign_log
2015-02-25 17:57:14...creating table campaign_log
2015-02-25 17:57:14...creating Relationship Meta for CampaignLog
2015-02-25 17:57:14...processing table project
2015-02-25 17:57:14...creating table project
2015-02-25 17:57:14...creating Relationship Meta for Project
2015-02-25 17:57:14...processing table project_task
2015-02-25 17:57:14...creating table project_task
2015-02-25 17:57:14...creating Relationship Meta for ProjectTask
2015-02-25 17:57:14...processing table campaigns
2015-02-25 17:57:15...creating table campaigns
2015-02-25 17:57:15...creating Relationship Meta for Campaign
2015-02-25 17:57:15...processing table prospect_lists
2015-02-25 17:57:15...creating table prospect_lists
2015-02-25 17:57:15...creating Relationship Meta for ProspectList
2015-02-25 17:57:15...processing table prospects
2015-02-25 17:57:15...creating table prospects
2015-02-25 17:57:15...creating Relationship Meta for Prospect
2015-02-25 17:57:15...processing table email_marketing
2015-02-25 17:57:15...creating table email_marketing
2015-02-25 17:57:15...creating Relationship Meta for EmailMarketing
2015-02-25 17:57:15...processing table campaign_trkrs
2015-02-25 17:57:15...creating table campaign_trkrs
2015-02-25 17:57:15...creating Relationship Meta for CampaignTracker
2015-02-25 17:57:15...processing table releases
2015-02-25 17:57:15...creating table releases
2015-02-25 17:57:15...creating Relationship Meta for Release
2015-02-25 17:57:15...processing table emailman
2015-02-25 17:57:15...creating table emailman
2015-02-25 17:57:15...creating Relationship Meta for EmailMan
2015-02-25 17:57:15...processing table schedulers
2015-02-25 17:57:15...creating table schedulers
2015-02-25 17:57:15...creating Relationship Meta for Scheduler
2015-02-25 17:57:15...processing table job_queue
2015-02-25 17:57:15...creating table job_queue
2015-02-25 17:57:15...creating Relationship Meta for SchedulersJob
2015-02-25 17:57:15...processing table contacts
2015-02-25 17:57:15...creating table contacts
2015-02-25 17:57:15...creating Relationship Meta for Contact
2015-02-25 17:57:15...processing table accounts
2015-02-25 17:57:15...creating table accounts
2015-02-25 17:57:15...creating Relationship Meta for Account
2015-02-25 17:57:15...processing table opportunities
2015-02-25 17:57:15...creating table opportunities
2015-02-25 17:57:15...creating Relationship Meta for Opportunity
2015-02-25 17:57:16...processing table email_templates
2015-02-25 17:57:16...creating table email_templates
2015-02-25 17:57:16...creating Relationship Meta for EmailTemplate
2015-02-25 17:57:16...processing table notes
2015-02-25 17:57:16...creating table notes
2015-02-25 17:57:16...creating Relationship Meta for Note
2015-02-25 17:57:16...processing table calls
2015-02-25 17:57:16...creating table calls
2015-02-25 17:57:16...creating Relationship Meta for Call
2015-02-25 17:57:16...processing table emails
2015-02-25 17:57:16...creating table emails
2015-02-25 17:57:16...creating Relationship Meta for Email
2015-02-25 17:57:16...processing table meetings
2015-02-25 17:57:16...creating table meetings
2015-02-25 17:57:16...creating Relationship Meta for Meeting
2015-02-25 17:57:16...processing table tasks
2015-02-25 17:57:16...creating table tasks
2015-02-25 17:57:16...creating Relationship Meta for Task
2015-02-25 17:57:16...processing table users
2015-02-25 17:57:16...processing table users
2015-02-25 17:57:16...processing table currencies
2015-02-25 17:57:16...creating table currencies
2015-02-25 17:57:16...creating Relationship Meta for Currency
2015-02-25 17:57:16...processing table tracker
2015-02-25 17:57:16...creating table tracker
2015-02-25 17:57:16...creating Relationship Meta for Tracker
2015-02-25 17:57:16...processing table import_maps
2015-02-25 17:57:16...creating table import_maps
2015-02-25 17:57:16...creating Relationship Meta for ImportMap
2015-02-25 17:57:16...processing table users_last_import
2015-02-25 17:57:16...creating table users_last_import
2015-02-25 17:57:16...creating Relationship Meta for UsersLastImport
2015-02-25 17:57:16...processing table config
2015-02-25 17:57:16...creating table config
2015-02-25 17:57:16...creating Relationship Meta for Administration
2015-02-25 17:57:16...processing table upgrade_history
2015-02-25 17:57:16...creating table upgrade_history
2015-02-25 17:57:16...creating Relationship Meta for UpgradeHistory
2015-02-25 17:57:16...processing table vcals
2015-02-25 17:57:16...creating table vcals
2015-02-25 17:57:16...creating Relationship Meta for vCal
2015-02-25 17:57:16...processing table versions
2015-02-25 17:57:16...creating table versions
2015-02-25 17:57:16...creating Relationship Meta for Version
2015-02-25 17:57:16...processing table roles
2015-02-25 17:57:16...creating table roles
2015-02-25 17:57:16...creating Relationship Meta for Role
2015-02-25 17:57:16...processing table documents
2015-02-25 17:57:16...creating table documents
2015-02-25 17:57:16...creating Relationship Meta for Document
2015-02-25 17:57:17...processing table document_revisions
2015-02-25 17:57:17...creating table document_revisions
2015-02-25 17:57:17...creating Relationship Meta for DocumentRevision
2015-02-25 17:57:17...processing table fields_meta_data
2015-02-25 17:57:17...creating table fields_meta_data
2015-02-25 17:57:17...creating Relationship Meta for FieldsMetaData
2015-02-25 17:57:17...processing table inbound_email
2015-02-25 17:57:17...creating table inbound_email
2015-02-25 17:57:17...creating Relationship Meta for InboundEmail
2015-02-25 17:57:17...processing table saved_search
2015-02-25 17:57:17...creating table saved_search
2015-02-25 17:57:17...creating Relationship Meta for SavedSearch
2015-02-25 17:57:17...processing table user_preferences
2015-02-25 17:57:17...creating table user_preferences
2015-02-25 17:57:17...creating Relationship Meta for UserPreference
2015-02-25 17:57:17...processing table 
2015-02-25 17:57:17...processing table email_addresses
2015-02-25 17:57:17...creating table email_addresses
2015-02-25 17:57:17...creating Relationship Meta for EmailAddress
2015-02-25 17:57:17...processing table emails_text
2015-02-25 17:57:17...creating table emails_text
2015-02-25 17:57:17...creating Relationship Meta for EmailText
2015-02-25 17:57:17...processing table sugarfeed
2015-02-25 17:57:17...creating table sugarfeed
2015-02-25 17:57:17...creating Relationship Meta for SugarFeed
2015-02-25 17:57:17...processing table eapm
2015-02-25 17:57:17...creating table eapm
2015-02-25 17:57:17...creating Relationship Meta for EAPM
2015-02-25 17:57:17...processing table oauth_consumer
2015-02-25 17:57:17...creating table oauth_consumer
2015-02-25 17:57:17...creating Relationship Meta for OAuthKey
2015-02-25 17:57:17...processing table oauth_tokens
2015-02-25 17:57:17...creating table oauth_tokens
2015-02-25 17:57:17...creating Relationship Meta for OAuthToken
2015-02-25 17:57:17...Begin creating Defaults
2015-02-25 17:57:17...insert defaults into config table
2015-02-25 17:57:17...Creating default users
2015-02-25 17:57:17...Creating default scheduler jobs
2015-02-25 17:57:17...Enable SugarFeeds
2015-02-25 17:57:18...Enable InsideView Connector
2015-02-25 17:57:18...Creating FTS logic hook
2015-02-25 17:57:18...populating the db with seed data
2015-02-25 17:57:18...Installation has completed *********
2015-02-25 17:58:21...installerHook: Could not find custom/install/install_hooks.php
2015-02-26 10:49:00...installerHook: Could not find custom/install/install_hooks.php
2015-02-26 10:49:10...installerHook: Could not find custom/install/install_hooks.php
2015-02-26 10:49:13...installerHook: Could not find custom/install/install_hooks.php
2015-02-26 10:50:17...installerHook: Could not find custom/install/install_hooks.php
2015-02-26 10:51:36...installerHook: Could not find custom/install/install_hooks.php
2015-02-26 11:18:11...installerHook: Could not find custom/install/install_hooks.php